<?xml version="1.0" encoding="UTF-8"?>
<!-- Generated by org.testng.reporters.JUnitReportReporter -->
<testsuite hostname="LAPTOP-R5SC2BLC" failures="0" tests="1" name="com.automation.tests.AddCart" time="16.252" errors="0" timestamp="2025-02-14T23:55:11 IST" skipped="0">
  <testcase classname="com.automation.tests.AddCart" name="verifyLogin" time="16.252"/>
</testsuite> <!-- com.automation.tests.AddCart -->
